Using pre-set license
Built from '2020.3/release' branch; Version is '2020.3.12f1 (b3b2c6512326) revision 11776710'; Using compiler version '192528614'; Build Type 'Release'
OS: 'Windows 10 Home Single Language; OS build 19042.1052; Version 2009; 64bit' Language: 'en' Physical Memory: 7123 MB
BatchMode: 1, IsHumanControllingUs: 0, StartBugReporterOnCrash: 0, Is64bit: 1, IsPro: 0

 COMMAND LINE ARGUMENTS:
C:\Program Files\Unity\Hub\Editor\2020.3.12f1\Editor\Unity.exe
-adb2
-batchMode
-noUpm
-name
AssetImportWorker0
-projectPath
D:/Kuliah2/Semester 6/Game Developer/projek/GamePebriUas
-logFile
Logs/AssetImportWorker0.log
-srvPort
60644
Successfully changed project path to: D:/Kuliah2/Semester 6/Game Developer/projek/GamePebriUas
D:/Kuliah2/Semester 6/Game Developer/projek/GamePebriUas
Using Asset Import Pipeline V2.
Refreshing native plugins compatible for Editor in 45.57 ms, found 2 plugins.
Preloading 0 native plugins for Editor in 0.00 ms.
Initialize engine version: 2020.3.12f1 (b3b2c6512326)
[Subsystems] Discovering subsystems at path C:/Program Files/Unity/Hub/Editor/2020.3.12f1/Editor/Data/Resources/UnitySubsystems
[Subsystems] Discovering subsystems at path D:/Kuliah2/Semester 6/Game Developer/projek/GamePebriUas/Assets
GfxDevice: creating device client; threaded=0
Direct3D:
    Version:  Direct3D 11.0 [level 11.1]
    Renderer: AMD Radeon(TM) Vega 8 Graphics (ID=0x15dd)
    Vendor:   
    VRAM:     3561 MB
    Driver:   27.20.14527.2002
Initialize mono
Mono path[0] = 'C:/Program Files/Unity/Hub/Editor/2020.3.12f1/Editor/Data/Managed'
Mono path[1] = 'C:/Program Files/Unity/Hub/Editor/2020.3.12f1/Editor/Data/MonoBleedingEdge/lib/mono/unityjit'
Mono config path = 'C:/Program Files/Unity/Hub/Editor/2020.3.12f1/Editor/Data/MonoBleedingEdge/etc'
Using monoOptions --debugger-agent=transport=dt_socket,embedding=1,server=y,suspend=n,address=127.0.0.1:56956
Begin MonoManager ReloadAssembly
Registering precompiled unity dll's ...
Register platform support module: C:/Program Files/Unity/Hub/Editor/2020.3.12f1/Editor/Data/PlaybackEngines/WindowsStandaloneSupport/UnityEditor.WindowsStandalone.Extensions.dll
Registered in 0.003141 seconds.
Native extension for WindowsStandalone target not found
Refreshing native plugins compatible for Editor in 45.19 ms, found 2 plugins.
Preloading 0 native plugins for Editor in 0.00 ms.
Mono: successfully reloaded assembly
- Completed reload, in  2.745 seconds
Platform modules already initialized, skipping
Registering precompiled user dll's ...
Registered in 0.005494 seconds.
Begin MonoManager ReloadAssembly
Native extension for WindowsStandalone target not found
Refreshing native plugins compatible for Editor in 0.53 ms, found 2 plugins.
Preloading 0 native plugins for Editor in 0.00 ms.
Mono: successfully reloaded assembly
- Completed reload, in  1.625 seconds
Platform modules already initialized, skipping
========================================================================
Worker process is ready to serve import requests
Launched and connected shader compiler UnityShaderCompiler.exe after 0.07 seconds
Refreshing native plugins compatible for Editor in 0.43 ms, found 2 plugins.
Preloading 0 native plugins for Editor in 0.00 ms.
Unloading 1408 Unused Serialized files (Serialized files now loaded: 0)
System memory in use before: 65.6 MB.
System memory in use after: 65.7 MB.

Unloading 19 unused Assets to reduce memory usage. Loaded Objects now: 1843.
Total: 3.032400 ms (FindLiveObjects: 0.220700 ms CreateObjectMapping: 0.049400 ms MarkObjects: 2.623600 ms  DeleteObjects: 0.136900 ms)

AssetImportParameters requested are different than current active one (requested -> active):
  custom:framework-win-MediaFoundation: 216162199b28c13a410421893ffa2e32 -> 
  custom:video-decoder-ogg-theora: a1e56fd34408186e4bbccfd4996cb3dc -> 
  custom:container-muxer-webm: aa71ff27fc2769a1b78a27578f13a17b -> 
  custom:container-demuxer-webm: 4f35f7cbe854078d1ac9338744f61a02 -> 
  custom:container-demuxer-ogg: 62fdf1f143b41e24485cea50d1cbac27 -> 
  custom:video-encoder-webm-vp8: eb34c28f22e8b96e1ab97ce403110664 -> 
  custom:video-decoder-webm-vp8: 9c59270c3fd7afecdb556c50c9e8de78 -> 
  custom:audio-decoder-ogg-vorbis: bf7c407c2cedff20999df2af8eb42d56 -> 
  custom:audio-encoder-webm-vorbis: bf7c407c2cedff20999df2af8eb42d56 -> 
========================================================================
Received Import Request.
  path: Assets/cityscape-cartoon-background-panorama-modern-city-with-high-skyscrapers-park-downtown_1441-1982.jpg
  artifactKey: Guid(8dfb9cb0c6a1ac24d92fab6204b45872) Importer(815301076,1909f56bfc062723c751e8b465ee728b)
Start importing Assets/cityscape-cartoon-background-panorama-modern-city-with-high-skyscrapers-park-downtown_1441-1982.jpg using Guid(8dfb9cb0c6a1ac24d92fab6204b45872) Importer(815301076,1909f56bfc062723c751e8b465ee728b)  -> (artifact id: '0628fef6365bfc040e03f2f69b9a8e66') in 0.154272 seconds 
  Import took 0.158008 seconds .

========================================================================
Received Import Request.
  Time since last request: 0.000351 seconds.
  path: Assets/Undertale - Megalovania.mp3
  artifactKey: Guid(ffe5af99e5b67404d9cb6ff8107748e4) Importer(815301076,1909f56bfc062723c751e8b465ee728b)
Start importing Assets/Undertale - Megalovania.mp3 using Guid(ffe5af99e5b67404d9cb6ff8107748e4) Importer(815301076,1909f56bfc062723c751e8b465ee728b)  -> (artifact id: 'dab175f1f077d196a9dae8e341a33766') in 0.151005 seconds 
  Import took 0.154104 seconds .

========================================================================
Received Import Request.
  Time since last request: 0.000304 seconds.
  path: Assets/cuek.swf.mp3
  artifactKey: Guid(f2468b6a1281f1d448c6d24382899cb7) Importer(815301076,1909f56bfc062723c751e8b465ee728b)
Start importing Assets/cuek.swf.mp3 using Guid(f2468b6a1281f1d448c6d24382899cb7) Importer(815301076,1909f56bfc062723c751e8b465ee728b)  -> (artifact id: '78ac70f6fcbe68a8bc11e09b676ab206') in 0.084444 seconds 
  Import took 0.088005 seconds .

AssetImportWorkerClient::OnTransportError - code=2 error=End of file
